received 1290363^1290365^1290315^1290583^1290585^1290588^1290604^1290611^1290617^
checking key 1290363
checking key 1290365
checking key 1290315
checking key 1290583
checking key 1290585
checking key 1290588
checking key 1290604
checking key 1290611
checking key 1290617
received 1290384^1290336^
checking key 1290384
found ORDERS_e62ade8c-6c83-4bbc-9b90-f801e64dfb08.xml
received 1291414^1291415^
checking key 1291414
checking key 1291415
received 1290379^1290320^1291413^1291418^
checking key 1290379
checking key 1290320
checking key 1291413
checking key 1291418
received 1290393^1290331^1291416^1291417^1291055^
checking key 1290393
checking key 1290331
checking key 1291416
checking key 1291417
checking key 1291055
received 1290330^1290591^
checking key 1290330
checking key 1290591
received 1290344^1291446^1291419^1291052^
checking key 1290344
checking key 1291446
checking key 1291419
checking key 1291052
received 1290375^1290313^1290328^1291412^1291420^1291054^
checking key 1290375
checking key 1290313
checking key 1290328
checking key 1291412
checking key 1291420
checking key 1291054
received 1290381^1290620^
checking key 1290381
checking key 1290620
received 1290484^1290487^1290488^1290494^1290496^1290503^1290518^
checking key 1290484
found ORDERS_02d2e1da-e4dd-462e-8203-1d8e21873952.xml
received 1290510^1290513^1290514^1290516^
checking key 1290510
checking key 1290513
checking key 1290514
checking key 1290516
received 1290486^1290512^
checking key 1290486
checking key 1290512
received 1290498^1290507^1290521^
checking key 1290498
found ORDERS_42e27051-9184-4d84-96fc-ddd866d464ca.xml
received 1290490^1290495^1290501^1290504^1290517^1290519^
checking key 1290490
found ORDERS_07a9e46a-dbf6-4966-82f3-5d3bb62b1907.xml
received 1291941^1291942^
checking key 1291941
found ORDERS_9a2788bf-0e48-40ed-bdbe-ed8cee085755.xml
received 1292197^
checking key 1292197
received 1292645^
checking key 1292645
received 1290374^1291915^1291918^1290613^
checking key 1290374
checking key 1291915
checking key 1291918
checking key 1290613
received 1290376^1290383^1291916^
checking key 1290376
checking key 1290383
checking key 1291916
received 1290502^1290498^1290508^
checking key 1290502
checking key 1290498
checking key 1290508
received 1292194^
checking key 1292194
received 1290392^1291919^1290346^1292196^
checking key 1290392
checking key 1291919
checking key 1290346
checking key 1292196
received 1290500^1290520^
checking key 1290500
checking key 1290520
received 1287340^1288994^1287642^
checking key 1287340
found ORDERS_6237c251-1c58-49f9-b14b-69255c0408c2.xml
received 1290329^
checking key 1290329
received 1290368^1292644^
checking key 1290368
checking key 1292644
received 1290362^1292647^1292650^1292651^1290334^
checking key 1290362
checking key 1292647
checking key 1292650
checking key 1292651
checking key 1290334
received 1290371^1292637^1292641^1292642^1292646^1290323^1290335^
checking key 1290371
checking key 1292637
checking key 1292641
checking key 1292642
checking key 1292646
checking key 1290323
checking key 1290335
received 1290364^1292643^1292649^1290345^
checking key 1290364
checking key 1292643
checking key 1292649
checking key 1290345
received 1290390^1292638^1292640^1290332^
checking key 1290390
checking key 1292638
checking key 1292640
checking key 1290332
received 1292636^1292639^1292648^1290309^1290326^1290339^
checking key 1292636
checking key 1292639
checking key 1292648
checking key 1290309
checking key 1290326
checking key 1290339
received 1290597^1290599^1290612^1290621^
checking key 1290597
found ORDERS_66b6d173-0bfa-439c-abf6-518ae22b03c4.xml
received 1293185^
checking key 1293185
found ORDERS_b285e90e-9232-455a-a50b-59c116d53af7.xml
received 1293185^
checking key 1293185
received 1290311^
checking key 1290311
received 1290361^1290391^1293181^
checking key 1290361
found ORDERS_9db9843b-a80d-4458-8c8d-e090a193f776.xml
received 1293180^1293182^1293183^1293186^
checking key 1293180
checking key 1293182
checking key 1293183
checking key 1293186
received 1293187^
checking key 1293187
found ORDERS_f131c3cd-28bf-4648-b607-8996e8f1b4a4.xml
received 1290342^1293184^
checking key 1290342
checking key 1293184
received 1293467^
checking key 1293467
received 1290377^1290386^1290316^1290327^1293755^1293687^1293689^1293695^1293697^1293698^1293701^1293702^
checking key 1290377
found ORDERS_dec0f880-d7e1-4519-8a70-34d6a3f75f2b.xml
received 1293704^
checking key 1293704
found ORDERS_dfa9b4d7-81bd-4564-af80-87e905432f70.xml
received 1290372^1293703^
checking key 1290372
found ORDERS_cbc15681-a3e3-4be9-8d46-7124b7a6a604.xml
received 1290370^1290310^1290317^1290319^1293688^1293690^1293693^1293694^1293696^
checking key 1290370
found ORDERS_c8c77a76-0610-4994-bddb-9e4960a35949.xml
received 1290370^1290310^1290317^1290319^1293688^1293690^1293693^1293694^1293696^
checking key 1290370
found ORDERS_c8c77a76-0610-4994-bddb-9e4960a35949.xml
received 1293699^
checking key 1293699
found ORDERS_b95e6397-fd19-48f9-bd92-5725c94d7512.xml
received 1293466^
checking key 1293466
found ORDERS_3d89e4dd-68cd-4790-b559-f96f805a075b.xml
received 1290337^1290343^1293691^1293692^
checking key 1290337
found ORDERS_74ba99a3-f4a4-462d-9b26-057ceb7b03aa.xml
received 1293571^1293581^1293582^1293583^1293584^1293586^1293587^1293589^1293683^
checking key 1293571
found ORDERS_0cee7494-19dc-4f79-a198-11b33bc43df6.xml
received 1293574^1293579^1293580^
checking key 1293574
found ORDERS_35d830fa-cb61-4660-a22d-0836c4e5f633.xml
received 1294798^1294261^1294187^1294185^
checking key 1294798
found ORDERS_70f148b3-4f60-4448-a61b-020cfb9e0c11.xml
return Array
checking key 1294261
found ORDERS_edda87ca-e460-4fc5-937d-50f9da4b3864.xml
return Array
checking key 1294187
found ORDERS_f239e52d-c60d-435e-82e8-a6b178f2050b.xml
return Array
checking key 1294185
found ORDERS_b2ef53d7-2e41-444b-9905-bbb170d74e16.xml
return Array
received 1293685^
checking key 1293685
found ORDERS_67f30ef4-a4b2-475a-af30-3afbcede36a0.xml
return Array
received 1294726^1294021^1294184^
checking key 1294726
found ORDERS_a4530831-261f-422f-a510-7e633d5b06af.xml
return Array
checking key 1294021
found ORDERS_ae8ed1cb-9109-47d7-998c-7ff9ca11e581.xml
return Array
checking key 1294184
found ORDERS_a0783b7d-6569-492f-ac50-7ef82ca1519f.xml
return Array
received 1294726^1294021^1294184^
checking key 1294726
checking key 1294021
checking key 1294184
received 1294799^1294186^
checking key 1294799
found ORDERS_2691337b-7549-4998-9d0a-8a8e183a9280.xml
return Array
checking key 1294186
found ORDERS_ec6cc3d8-67b6-43eb-88fd-e7b325c9c9ee.xml
return Array
received 1290324^1293686^
checking key 1290324
found ORDERS_4ae303c9-74c0-45c4-b7c2-500ff55da914.xml
return Array
checking key 1293686
found ORDERS_91014318-c3c1-443c-ab3d-df87c5f36cb5.xml
return Array
received 1290312^1293684^
checking key 1290312
found ORDERS_1b6257bc-3d96-4c88-9478-5ca63d6fe03a.xml
return Array
checking key 1293684
found ORDERS_3bcfa639-2e98-4a0e-b51a-c6a5b19eb0e9.xml
return Array
received 1290377^1290386^1290316^1293701^1293695^1293689^1293697^
checking key 1290377
found ORDERS_dec0f880-d7e1-4519-8a70-34d6a3f75f2b.xml
return Array
checking key 1290386
found ORDERS_ead9945c-d3c3-42b0-b831-1f6ba626a4f1.xml
return Array
checking key 1290316
found ORDERS_371497c8-924e-4d2e-a7b3-f4193003666e.xml
return Array
checking key 1293701
found ORDERS_ca9759fc-609c-4359-94be-e75fbcedff12.xml
return Array
checking key 1293695
found ORDERS_89e6aa6b-8df3-482e-aa78-ad3b58054ff3.xml
return Array
checking key 1293689
found ORDERS_43eec9fa-17a9-4d7b-8a99-c2b89ac035cc.xml
return Array
checking key 1293697
found ORDERS_953b090c-c55e-4147-aaf1-d3d6c47a3a24.xml
return Array
received 1294714^1294717^1294964^
checking key 1294714
found ORDERS_1cceb9e9-68f0-4b7f-8d0b-d047dd3b6f8a.xml
return Array
checking key 1294717
found ORDERS_ff262d01-91fd-4d55-ad06-07b328c34b10.xml
return Array
checking key 1294964
found ORDERS_77d06240-7071-47e5-99e3-d6e0c6169ff8.xml
return Array
received 1294725^1294727^1294965^
checking key 1294725
found ORDERS_82034441-8d47-4182-8127-a4abe98a9cc2.xml
return Array
checking key 1294727
found ORDERS_ab6e9605-5d2c-41de-9718-ebfd89b12b1c.xml
return Array
checking key 1294965
found ORDERS_c08cca53-5fdf-4fa9-a619-c3798b901c62.xml
return Array
received 1294962^
checking key 1294962
found ORDERS_0a6412f7-1fe2-4c23-8ee5-0e6ad144ca26.xml
return Array
received 1294716^
checking key 1294716
found ORDERS_afe26178-aeef-4247-8b0d-2e51da118cd0.xml
return Array
received 1294713^1290340^1294963^
checking key 1294713
found ORDERS_09233472-ac52-424f-aaea-67b6cb2839f7.xml
return Array
checking key 1290340
found ORDERS_7a2be29a-1822-4841-a68c-772cc97aa0ce.xml
return Array
checking key 1294963
found ORDERS_29683c83-3a47-4d5a-a469-237d3931c3d0.xml
return Array
received 1293576^1293578^1293588^
checking key 1293576
found ORDERS_3c907edb-084a-4147-8531-3c8cd6448814.xml
return Array
checking key 1293578
found ORDERS_56e40e30-8024-4566-ac0a-fe163310eef2.xml
return Array
checking key 1293588
found ORDERS_e7e21bd0-3993-4bbd-83a6-f4e92387768a.xml
return Array
received 1294716^
checking key 1294716
received 1293754^1290373^1290865^
checking key 1293754
found ORDERS_65a72d75-970e-471d-ba5c-65c1c3d1b97e.xml
return Array
checking key 1290373
found ORDERS_cd865f86-6061-46e5-a6a9-c86453d66418.xml
return Array
checking key 1290865
received 1293754^1290373^1290865^
checking key 1293754
checking key 1290373
checking key 1290865
received 1295268^1295275^1295284^1295287^1295288^1295290^1295291^1295319^1290582^1290592^1290595^1290624^1295233^
checking key 1295268
found ORDERS_1c525e76-87f5-4eb4-9c3a-8aaf9affce05.xml
return Array
checking key 1295275
found ORDERS_744b9ccb-4d33-4760-aa24-e0f90398dcad.xml
return Array
checking key 1295284
found ORDERS_a13df175-ef17-4c37-a89f-1a828a724fee.xml
return Array
checking key 1295287
found ORDERS_d14d28de-044a-4d8a-bc27-4bcd1774cb5d.xml
return Array
checking key 1295288
found ORDERS_ddf74b5e-a9ed-463a-8ef6-67cdad0cfe56.xml
return Array
checking key 1295290
found ORDERS_f7a3a449-a9b0-4bb2-a49c-bcd76099ccbe.xml
return Array
checking key 1295291
found ORDERS_f86c9d9f-4b82-488c-a3a7-036e0b0c9ea0.xml
return Array
checking key 1295319
found ORDERS_82bd918b-9d3f-4651-91ab-64560882e3e0.xml
return Array
checking key 1290582
found ORDERS_bae3dc68-4c13-466a-81e7-fb1c8a9683ab.xml
return Array
checking key 1290592
found ORDERS_24df58f9-aa8d-4e53-824f-52838e5a6c3c.xml
return Array
checking key 1290595
found ORDERS_5a36b091-6bad-4151-bca8-71547f3cf341.xml
return Array
checking key 1290624
found ORDERS_ef4f8184-dd4f-4246-a0b6-f4a8c870c246.xml
return Array
checking key 1295233
received 1295268^1295275^1295284^1295287^1295288^1295290^1295291^1295319^1290582^1290592^1290595^1290624^1295233^
checking key 1295268
checking key 1295275
checking key 1295284
checking key 1295287
checking key 1295288
checking key 1295290
checking key 1295291
checking key 1295319
checking key 1290582
checking key 1290592
checking key 1290595
checking key 1290624
checking key 1295233
received 1295281^1295285^1290619^1290622^
checking key 1295281
found ORDERS_7d5b5c0d-4842-4588-a0bb-5e2b6f2ddfe0.xml
return Array
checking key 1295285
found ORDERS_aa5c5b4c-c3ed-448a-b55d-1498dc7f1a6f.xml
return Array
checking key 1290619
found ORDERS_d1c4ce3c-2480-4bf8-b416-805e6072e803.xml
return Array
checking key 1290622
found ORDERS_d817843a-282d-4992-a3ea-3431a04bb5f2.xml
return Array
received 1295282^1290626^
checking key 1295282
found ORDERS_966f90f0-f6ea-4a75-8dc4-4cad649be2c6.xml
return Array
checking key 1290626
found ORDERS_f79194a0-6791-44f2-b92d-33882a412e92.xml
return Array
received 1295274^1295202^1295283^1295286^1295254^1290625^1290606^1295136^1290623^1295234^1295235^1295236^1295237^
checking key 1295274
found ORDERS_700b5096-adba-445e-b2b6-e0674cdb4503.xml
return Array
checking key 1295202
found ORDERS_95872f0d-7b7b-4d71-ae32-eac991a84f24.xml
return Array
checking key 1295283
found ORDERS_a0490552-3bb4-413c-b97b-5d328229107b.xml
return Array
checking key 1295286
found ORDERS_bce41316-450c-47d1-b1e7-df103489bf48.xml
return Array
checking key 1295254
found ORDERS_10aa7ec2-a251-4d8a-923e-b97f2fd0e4dc.xml
return Array
checking key 1290625
found ORDERS_f5c7f28b-4ae3-4b20-961c-017650c03338.xml
return Array
checking key 1290606
found ORDERS_805c2ea1-b7a9-451e-b688-7c9afbe00791.xml
return Array
checking key 1295136
found ORDERS_0ffd9f53-453d-45c7-bcb2-17c84236c168.xml
return Array
checking key 1290623
found ORDERS_df8708f7-d5e2-4ef7-b710-bc69846a9507.xml
return Array
checking key 1295234
checking key 1295235
checking key 1295236
found ORDERS_341e627a-24df-41cf-9b62-af207457eb2e.xml
return Array
checking key 1295237
found ORDERS_3c8c0731-decb-448c-a10c-1ab4d9075546.xml
return Array
received 1295278^1295255^1295137^1295138^1295238^
checking key 1295278
found ORDERS_e593acbe-f097-4c92-886d-e8957f3ea47d.xml
return Array
checking key 1295255
found ORDERS_61d989d4-9193-415d-af5f-d92f192564c1.xml
return Array
checking key 1295137
found ORDERS_2e9f1ae8-c92e-4d01-b4a2-365690789653.xml
return Array
checking key 1295138
found ORDERS_36097835-34bd-4c53-9ec6-7f1e8b4d2e83.xml
return Array
checking key 1295238
found ORDERS_622ee620-f047-4dec-9a79-3443a08c8a85.xml
return Array
received 1295269^1295270^1295289^1295140^1295239^
checking key 1295269
found ORDERS_1e9c8e14-581b-4732-ba9c-fdcc7b058043.xml
return Array
checking key 1295270
found ORDERS_33460056-30d7-4006-af45-9d64ea39d95a.xml
return Array
checking key 1295289
found ORDERS_f3b59225-ac94-4e66-9ac6-063e9a8c6d10.xml
return Array
checking key 1295140
found ORDERS_5a05a809-6b39-4c6c-a6dc-930d23c3ae2f.xml
return Array
checking key 1295239
received 1295274^1295202^1295283^1295286^1295254^1290625^1290606^1295136^1290623^1295234^1295235^1295236^1295237^
checking key 1295274
checking key 1295202
checking key 1295283
checking key 1295286
checking key 1295254
checking key 1290625
checking key 1290606
checking key 1295136
checking key 1290623
checking key 1295234
checking key 1295235
checking key 1295236
checking key 1295237
received 1295268^1295275^1295284^1295287^1295288^1295290^1295291^1295319^1290582^1290592^1290595^1290624^1295233^
checking key 1295268
checking key 1295275
checking key 1295284
checking key 1295287
checking key 1295288
checking key 1295290
checking key 1295291
checking key 1295319
checking key 1290582
checking key 1290592
checking key 1290595
checking key 1290624
checking key 1295233
received 1295272^1295273^1295276^1295277^1295139^
checking key 1295272
found ORDERS_44f4a41f-906b-48c8-aaad-a240625ef319.xml
return Array
checking key 1295273
found ORDERS_5bdbef08-5154-4611-932c-8f54a86da068.xml
return Array
checking key 1295276
found ORDERS_823d65b1-e9f3-4f80-aa01-8fa223ec1183.xml
return Array
checking key 1295277
found ORDERS_db3cf7b0-81c9-42b8-8734-94c58aa50f7b.xml
return Array
checking key 1295139
found ORDERS_3a1cd7af-c14e-43d8-a4cf-745e3f4d3978.xml
return Array
received 1295573^1295576^1295582^
checking key 1295573
found ORDERS_10ca28c8-6769-4686-84bc-2abc33b80e0d.xml
return Array
checking key 1295576
found ORDERS_39193e59-b8ba-4aa3-ba37-0f704a97b6f9.xml
return Array
checking key 1295582
found ORDERS_f6f9c75e-9e7c-4943-984a-245b71bc5848.xml
return Array
received 1295583^
checking key 1295583
found ORDERS_fa0229bf-7b88-4217-a755-14cb04683949.xml
return Array
received 1295583^
checking key 1295583
received 1295577^1295578^
checking key 1295577
found ORDERS_61564afe-c734-4c74-99cb-c21bece9fee4.xml
return Array
checking key 1295578
found ORDERS_7c429f45-d4fa-45f2-969d-3219eb6d8122.xml
return Array
received 1295579^1295580^1295581^
checking key 1295579
found ORDERS_96a19d2d-430c-482d-881b-e0cd11e1f006.xml
return Array
checking key 1295580
found ORDERS_e03be548-79b7-431d-8d79-98696439b21f.xml
return Array
checking key 1295581
found ORDERS_ee082558-a13b-4b1a-a061-6fdb5728e14a.xml
return Array
received 1295493^1295559^1295531^1295532^1295533^1295595^
checking key 1295493
found ORDERS_b556e07f-c1bf-4b73-a2f6-aa856a9318eb.xml
return Array
checking key 1295559
found ORDERS_c16579c3-5281-4a9b-8dbd-e843ffc0f5ab.xml
return Array
checking key 1295531
found ORDERS_26af3043-7056-43f6-aae9-6427ce6cb652.xml
return Array
checking key 1295532
found ORDERS_6a68d5fd-2784-4ff8-a39e-2add9f36c2d3.xml
return Array
checking key 1295533
found ORDERS_916280d7-ef02-421e-9233-f6fb6218377c.xml
return Array
checking key 1295595
found ORDERS_f6afefbd-d312-42b6-b12d-b27f18946395.xml
return Array
received 1295534^1295589^1295590^1295592^1296218^
checking key 1295534
found ORDERS_c2e7bfd3-3cfd-4e4d-af80-e6a8c0a58177.xml
return Array
checking key 1295589
found ORDERS_257e362f-3833-4182-a5a7-b5104904c5c9.xml
return Array
checking key 1295590
found ORDERS_28b006c3-c621-4421-a1f4-a0cf920c307c.xml
return Array
checking key 1295592
found ORDERS_4d692e07-bea1-479e-ae87-0015e0fcd17f.xml
return Array
checking key 1296218
found ORDERS_9185ed95-8b99-49b9-a9f9-8cc04a262585.xml
return Array
received 1295534^1295589^1295590^1295592^1296218^
checking key 1295534
checking key 1295589
checking key 1295590
checking key 1295592
checking key 1296218
received 1295536^1295593^
checking key 1295536
found ORDERS_d6b63aaf-98d9-4201-ba09-9aa760b0823e.xml
return Array
checking key 1295593
found ORDERS_afb5aec2-4744-4e76-abf1-5170d1fa394c.xml
return Array
received 1295538^1295588^
checking key 1295538
found ORDERS_f2dafe5b-576e-4ec5-9580-1d21748a18ef.xml
return Array
checking key 1295588
found ORDERS_15ad7107-b2d0-4d90-9430-43cd5f60d112.xml
return Array
received 1295574^
checking key 1295574
found ORDERS_1a046257-467e-4cb2-93aa-d3392cecfd35.xml
return Array
received 1295530^
checking key 1295530
found ORDERS_0d081b1f-a93e-4fc7-8f1e-48566c863606.xml
return Array
received 1295575^1295537^1295591^
checking key 1295575
found ORDERS_216bef50-55e3-40bc-8f3c-ec6b37d7f9f3.xml
return Array
checking key 1295537
found ORDERS_f1190b1b-d6f0-434e-8137-55309e70ab68.xml
return Array
checking key 1295591
found ORDERS_2be4177a-7afe-496b-b648-77631ca7ef56.xml
return Array
received 1296132^1294183^
checking key 1296132
found ORDERS_5e0bfe6d-0d59-4d0c-b376-ff1e5fafa310.xml
return Array
checking key 1294183
found ORDERS_50a892c6-2031-45ba-95db-eeb05837a66f.xml
return Array
received 1296121^1296122^1296130^1296138^1296139^1296140^1296141^1295860^
checking key 1296121
found ORDERS_08ecf15f-faa0-4e69-83db-cdd8a2d17bcb.xml
return Array
checking key 1296122
found ORDERS_09358a94-4499-4e93-bfb1-09359be17126.xml
return Array
checking key 1296130
found ORDERS_5959ca64-771e-43e8-826f-7ae8cdce971c.xml
return Array
checking key 1296138
found ORDERS_d9bb63ed-8f75-4c7a-8ce8-5b724433b64c.xml
return Array
checking key 1296139
found ORDERS_db2b59c6-f60e-45c7-abb8-1c09340beb4e.xml
return Array
checking key 1296140
found ORDERS_f36335e8-c0bd-4301-a6ba-0f5c4e8c4ceb.xml
return Array
checking key 1296141
found ORDERS_fa5d5cf6-7986-4612-8799-60bece05db8f.xml
return Array
checking key 1295860
found ORDERS_be01f395-a89c-4474-8411-b858e6daad78.xml
return Array
received 1296128^1296133^
checking key 1296128
found ORDERS_3c22def7-d1f8-4991-a410-ec6dd4f5f3fc.xml
return Array
checking key 1296133
found ORDERS_75e4f51a-d201-45a3-913f-59dc2e2c76e2.xml
return Array
received 1296122^1295860^
checking key 1296122
checking key 1295860
received 1296119^1296129^
checking key 1296119
found ORDERS_011523e7-cd13-42d8-944d-c31b42eba3c5.xml
return Array
checking key 1296129
found ORDERS_4e5a6b5a-c158-4a81-865d-e954448d6979.xml
return Array
received 1296123^1296124^1296131^
checking key 1296123
found ORDERS_0df7b9f8-23ad-41f2-8738-44a8d5127742.xml
return Array
checking key 1296124
found ORDERS_14fd223b-57d9-4daf-b022-21ba9d696fdc.xml
return Array
checking key 1296131
found ORDERS_5afce551-5604-453b-b9d6-74a58a59de56.xml
return Array
received 1296134^
checking key 1296134
found ORDERS_805df1f9-6d5b-49bb-9dc4-c3115cba264f.xml
return Array
received 1295535^
checking key 1295535
found ORDERS_d069c58a-773b-4a8d-bff0-b75ebe42186d.xml
return Array
received 1296136^
checking key 1296136
found ORDERS_a9dc701b-e5f1-41ec-a968-1d6e0461cb2b.xml
return Array
received 1296135^
checking key 1296135
found ORDERS_8e5ce3ac-d254-4fdf-ab42-56f2fb6c212d.xml
return Array
received 1296132^1294183^
checking key 1296132
checking key 1294183
received 1296009^
checking key 1296009
found ORDERS_5a99b0b4-b4ae-4041-9351-32a2b238f179.xml
return Array
received 1296006^1296008^1296011^1296017^1296018^1296020^1296024^1296027^
checking key 1296006
found ORDERS_3e9e11e1-8e05-4ea1-a8b5-39529eaf02e8.xml
return Array
checking key 1296008
found ORDERS_587f61fc-901d-40ad-85d8-6a3b7e1dfc49.xml
return Array
checking key 1296011
found ORDERS_682c0937-8dc0-48d6-a262-21c53d1b91a1.xml
return Array
checking key 1296017
found ORDERS_911fcc23-f965-4845-b0be-265fe0bbf34a.xml
return Array
checking key 1296018
found ORDERS_92ebd132-610b-4190-b80f-bdf3ea26a080.xml
return Array
checking key 1296020
found ORDERS_9b109f62-df9b-49ba-b53b-23e5824ed3c9.xml
return Array
checking key 1296024
found ORDERS_b55f0f35-ba5a-4dcd-a83a-9d5fef7178d2.xml
return Array
checking key 1296027
found ORDERS_d3648b96-1f7a-4e22-b600-c60aab6ca8a0.xml
return Array
received 1296006^1296008^1296011^1296017^1296018^1296020^1296024^1296027^
checking key 1296006
checking key 1296008
checking key 1296011
checking key 1296017
checking key 1296018
checking key 1296020
checking key 1296024
checking key 1296027
received 1296120^
checking key 1296120
found ORDERS_02043ae8-abc9-4cfa-a68e-c82530e9e64b.xml
return Array
received 1300666^1300931^1301068^
checking key 1300666
checking key 1300931
checking key 1301068
received 1300652^
checking key 1300652
received 1300657^1300662^1300668^
checking key 1300657
checking key 1300662
checking key 1300668
received 1300656^1300926^1300932^1300933^1300937^1301067^1301069^1301073^1301074^
checking key 1300656
checking key 1300926
checking key 1300932
checking key 1300933
checking key 1300937
checking key 1301067
checking key 1301069
checking key 1301073
checking key 1301074
received 1300651^1300655^1300929^1300936^1301240^1301072^
checking key 1300651
checking key 1300655
checking key 1300929
checking key 1300936
checking key 1301240
checking key 1301072
received 1300653^1300661^1300663^1300664^1300667^1300669^1300927^1300934^1301071^
checking key 1300653
checking key 1300661
checking key 1300663
checking key 1300664
checking key 1300667
checking key 1300669
checking key 1300927
checking key 1300934
checking key 1301071
received 1300654^1300659^1300660^1300928^1300935^1301070^
checking key 1300654
checking key 1300659
checking key 1300660
checking key 1300928
checking key 1300935
checking key 1301070
received 1300658^
checking key 1300658
received 1296187^1296250^
checking key 1296187
found ORDERS_61cf06c2-2b03-4a54-b9df-8266b41967bf.xml
return Array
checking key 1296250
found ORDERS_0b7ab1c5-7f55-47c9-b198-cfb2a2125c69.xml
return Array
received 1301125^1301129^
checking key 1301125
checking key 1301129
received 1301127^1301130^1301131^1301133^
checking key 1301127
checking key 1301130
checking key 1301131
checking key 1301133
received 1301256^1301128^1301269^1301270^1301253^
checking key 1301256
checking key 1301128
checking key 1301269
checking key 1301270
checking key 1301253
received 1301124^1301134^
checking key 1301124
checking key 1301134
received 1301220^1301271^1301273^
checking key 1301220
checking key 1301271
checking key 1301273
received 1301254^1301244^1301260^1301262^1301216^1301218^1301235^1301272^1301245^1301249^
checking key 1301254
checking key 1301244
checking key 1301260
checking key 1301262
checking key 1301216
checking key 1301218
checking key 1301235
checking key 1301272
checking key 1301245
checking key 1301249
received 1301255^1301258^1301264^1301236^
checking key 1301255
checking key 1301258
checking key 1301264
checking key 1301236
received 1301257^1301234^1301242^1301266^1301252^
checking key 1301257
checking key 1301234
checking key 1301242
checking key 1301266
checking key 1301252
received 1301132^
checking key 1301132
received 1301263^1301250^
checking key 1301263
checking key 1301250
received 1302110^
checking key 1302110
found ORDERS_03cf0e8b-69fb-4dc8-9480-981e47dd0b82.xml
return Array
received 1302111^1302116^
checking key 1302111
found ORDERS_05d8d895-4787-4c55-ae48-39550fd27f59.xml
return Array
checking key 1302116
found ORDERS_1ff18023-6b8e-4119-9949-744ad504893f.xml
return Array
received 1302117^1302118^1302126^1302128^1302133^1302143^1302151^1302153^
checking key 1302117
found ORDERS_23851f01-4410-45fa-b159-64a65e99c111.xml
return Array
checking key 1302118
found ORDERS_2425dd57-fadb-4b33-86fb-c23a7d6cbfe7.xml
return Array
checking key 1302126
found ORDERS_479cc5df-eb11-43cb-9e10-01f66f5d2ed6.xml
return Array
checking key 1302128
found ORDERS_4e57167a-bc86-4ac5-8b23-fc9dac5930c1.xml
return Array
checking key 1302133
found ORDERS_5faac48b-680a-42e2-827d-32adf3338e22.xml
return Array
checking key 1302143
found ORDERS_873c4ed7-2fe3-495b-a17e-dcb80ebfaf87.xml
return Array
checking key 1302151
found ORDERS_d62e9bb8-9ed3-45b5-b0aa-d942c8de6b57.xml
return Array
checking key 1302153
found ORDERS_dd3ec58f-8ebe-428e-b0e8-8c9c8cf1e91c.xml
return Array
received 1299308^1302144^
checking key 1299308
found ORDERS_c7f12176-e12f-46c4-a661-fbda72cd31b2.xml
return Array
checking key 1302144
found ORDERS_8c377302-4c0a-49ca-bfc1-688cf7c3f2ac.xml
return Array
received 1302119^
checking key 1302119
found ORDERS_258a40b7-5ba1-4f61-ad90-881ec48d73e9.xml
return Array
received 1302137^
checking key 1302137
found ORDERS_7477c9ba-1f1a-4ce5-90c1-fdf69e769645.xml
return Array
received 1302117^1302118^1302143^1302151^1302153^
checking key 1302117
checking key 1302118
checking key 1302143
checking key 1302151
checking key 1302153
received 1302448^
checking key 1302448
found ORDERS_7f6a3a67-a2f1-4491-8483-b42916188acd.xml
return Array
received 1302146^
checking key 1302146
found ORDERS_92b96e91-b6d6-4df5-a281-0616158e4f10.xml
return Array
received 1302154^
checking key 1302154
found ORDERS_de69e9df-7243-4e5e-9057-678dcf378731.xml
return Array
received 1302370^1302132^
checking key 1302370
found ORDERS_324e0e2d-910d-4003-8da9-d3c53cde72cc.xml
return Array
checking key 1302132
found ORDERS_58ab89a3-a853-42d3-9788-9d390bba2f8b.xml
return Array
received 1301239^1302368^
checking key 1301239
found ORDERS_26d5a37c-82e4-4a08-8148-b8e33eddded7.xml
received 1302112^1302141^
checking key 1302112
found ORDERS_13f8e193-a3d7-4ca7-a719-e703ad432e6c.xml
return Array
checking key 1302141
found ORDERS_81f795d3-5614-4b3a-8f3b-5af839d6dc97.xml
return Array
received 1301126^1302129^1302139^1302149^1302157^1302159^
checking key 1301126
found ORDERS_2d43af03-0294-4d6e-834e-272ddb6eb21c.xml
return Array
checking key 1302129
found ORDERS_50aebf23-64b3-4532-916f-22d62d80ba9c.xml
return Array
checking key 1302139
found ORDERS_7f181173-22c4-4257-a5ba-0b7245fc0ab6.xml
return Array
checking key 1302149
found ORDERS_ab7881b8-e371-49a2-8bad-7bd6f4da77fe.xml
return Array
checking key 1302157
found ORDERS_fd8dd1c3-503b-475e-a8e5-6eda4e842616.xml
return Array
checking key 1302159
found ORDERS_feeb0c5d-d68e-43d4-b962-69afcf5a59f1.xml
return Array
received 1302113^1302134^
checking key 1302113
found ORDERS_1413f240-8cf2-46cd-a618-a4542898830b.xml
return Array
checking key 1302134
found ORDERS_60696318-e251-46e9-9fae-360f5da9b98a.xml
return Array
received 1302130^
checking key 1302130
found ORDERS_531f4433-2a9f-4611-8616-fc8c41606e82.xml
return Array
received 1299308^1302144^
checking key 1299308
checking key 1302144
received 1302451^1302452^1303186^
checking key 1302451
found ORDERS_d578bafd-4497-4613-982c-31ea73d71922.xml
return Array
checking key 1302452
found ORDERS_d7bcd728-39a1-445d-afcc-de455756e2c4.xml
return Array
checking key 1303186
found ORDERS_98e9e9e7-1f5e-45c5-9dd0-cc2069b6519f.xml
return Array
received 1302454^1302446^
checking key 1302454
found ORDERS_fc9d7042-c6fc-43ff-a72f-24fbef20cd80.xml
return Array
checking key 1302446
found ORDERS_4e128dac-848c-41c2-8b0e-4983c148863c.xml
return Array
received 1302447^1302812^1302813^1302450^
checking key 1302447
found ORDERS_5a7187b7-5039-4e49-93b8-da05513b1f65.xml
return Array
checking key 1302812
found ORDERS_161b63da-f97f-4b11-9cf4-6069faa4f895.xml
return Array
checking key 1302813
found ORDERS_6ac31418-aff5-49de-867c-399de07c50d0.xml
return Array
checking key 1302450
found ORDERS_c4c115f5-d8d6-4fb3-9077-8be87412a0a3.xml
return Array
received 1302449^1302816^1302817^
checking key 1302449
found ORDERS_a981d4b8-1fd6-4d6d-aea6-d769350d1e97.xml
return Array
checking key 1302816
found ORDERS_b6f2d8c8-3f0f-4920-bd1d-6cb6be5b5730.xml
return Array
checking key 1302817
found ORDERS_d060ee38-f14f-494a-8aac-18f7bd047aca.xml
return Array
received 1300925^
checking key 1300925
found ORDERS_0bff56f6-1c83-475b-b1f6-650f5b6b1028.xml
return Array
received 1302453^1302814^1302815^
checking key 1302453
found ORDERS_eae9195d-cf50-401b-b672-39d18baa75c3.xml
return Array
checking key 1302814
found ORDERS_9941ce19-2fb8-4874-bc4b-10a6913eb876.xml
return Array
checking key 1302815
found ORDERS_b0bce4d8-fd20-4200-a72f-ac34bcb3c146.xml
return Array
received 1302123^
checking key 1302123
found ORDERS_34337e59-92b8-4e11-807a-5910edac5fb4.xml
return Array
received 1302140^
checking key 1302140
found ORDERS_816d8826-07bc-4a04-99a5-e90c842fbd54.xml
return Array
received 1302120^1302125^1302136^1302148^1302150^
checking key 1302120
found ORDERS_2aa1c529-ccf7-4dc9-9b44-eafd6c5d4249.xml
return Array
checking key 1302125
found ORDERS_47409c6b-348a-466c-8177-cb843eaf3c25.xml
return Array
checking key 1302136
found ORDERS_6e40c20c-ab72-4884-b25b-b5b114de10e1.xml
return Array
checking key 1302148
found ORDERS_a5412978-403b-4225-8710-39914137534b.xml
return Array
checking key 1302150
found ORDERS_b2f3bbb8-eedd-4dd7-8ac5-fbb7e3753d65.xml
return Array
received 1302121^1302122^1302142^
checking key 1302121
found ORDERS_2dc5829d-098e-4168-922c-bcd7ba470868.xml
return Array
checking key 1302122
found ORDERS_31059d85-8b74-4197-9da1-135f77bd63d9.xml
return Array
checking key 1302142
found ORDERS_86abda06-dacd-4165-99e4-3a145a8db523.xml
return Array
received 1302109^1302127^1302138^1302145^
checking key 1302109
found ORDERS_03a4b2e7-e60a-4ac6-8d3c-cb89b16467ab.xml
return Array
checking key 1302127
found ORDERS_4d35e29e-df0b-421f-88bf-944606a29f83.xml
return Array
checking key 1302138
found ORDERS_761728d8-bb10-4649-a5d8-c49baf6fac37.xml
return Array
checking key 1302145
found ORDERS_8c688548-f817-4d8b-bea7-756e886f4b13.xml
return Array
received 1302120^1302125^1302136^1302148^1302150^
checking key 1302120
checking key 1302125
checking key 1302136
checking key 1302148
checking key 1302150
received 1302114^1302115^1302124^
checking key 1302114
found ORDERS_154e23b8-9b44-40e0-abbc-c110a9260c65.xml
return Array
checking key 1302115
found ORDERS_18533669-20ef-4e4e-9c75-81ae81850e47.xml
return Array
checking key 1302124
found ORDERS_3ede90b6-ce64-4275-81dd-6b19735039f5.xml
return Array
received 1302155^
checking key 1302155
found ORDERS_dfcb4c77-10af-4def-8648-cfc776c027fb.xml
return Array
received 1303188^1302152^
checking key 1303188
found ORDERS_d0ffe1f2-c280-43ae-86d9-d72fb48fe6c1.xml
return Array
checking key 1302152
found ORDERS_da8f6dd7-5fc5-49ac-b2ea-69a371619285.xml
return Array
received 1303183^1303184^1303185^1303864^1303854^
checking key 1303183
found ORDERS_346ae1f0-4358-405c-82ee-cc2221c10a6e.xml
return Array
checking key 1303184
found ORDERS_63a672ad-a7f9-4f34-8b35-2f10a7352cef.xml
return Array
checking key 1303185
found ORDERS_7971c314-1f28-444b-835d-8f650e10c351.xml
return Array
checking key 1303864
found ORDERS_00974fa1-585f-4f00-97be-cf18620cc6ae.xml
return Array
checking key 1303854
found ORDERS_127b8915-6681-4d4f-9046-79e8e75908b2.xml
return Array
received 1303187^
checking key 1303187
found ORDERS_9c2f3256-8a7c-4995-8e53-909891fa6f4b.xml
return Array
received 1302999^
checking key 1302999
found ORDERS_b4999468-60ea-4f3a-a617-5e272da35079.xml
return Array
received 1303182^1302996^1302997^1302998^
checking key 1303182
found ORDERS_2a3fcecb-1e56-45f9-b0c7-4a97d5560388.xml
return Array
checking key 1302996
found ORDERS_0b13504e-a71f-4884-9665-16d21f32c584.xml
return Array
checking key 1302997
found ORDERS_458d8d27-eeee-40cd-b81d-5929a3fb1754.xml
return Array
checking key 1302998
found ORDERS_9a2bf291-92e1-44eb-b0df-fe416449cd13.xml
return Array
received 1298675^1298884^1302107^
checking key 1298675
found ORDERS_7ad3b564-56bc-49c2-808c-133d4fee9fad.xml
return Array
checking key 1298884
found ORDERS_6017e806-ef66-454e-af48-64bf643ef79b.xml
return Array
checking key 1302107
found ORDERS_08bb8848-d534-44e2-ae9e-b040d30cc267.xml
return Array
received 1303680^
checking key 1303680
found ORDERS_eb78009f-fa46-4c08-9d15-05b05ee3f1ac.xml
return Array
received 1303870^1303872^1303873^1303672^1303677^1304026^
checking key 1303870
found ORDERS_a434ceaa-2511-4ffc-a1dc-f46616c94347.xml
return Array
checking key 1303872
found ORDERS_d4e47c02-bd55-4396-b19a-f0399c7e925e.xml
return Array
checking key 1303873
found ORDERS_d853de54-8536-4bef-a60c-943c1abb11df.xml
return Array
checking key 1303672
found ORDERS_303b59be-3666-4d61-b40a-ec3445f019a3.xml
return Array
checking key 1303677
found ORDERS_9959c0bc-df3a-4dff-957f-93111a17c6cb.xml
return Array
checking key 1304026
found ORDERS_ca290a91-7a90-4dc5-97eb-ebbd723cd613.xml
return Array
received 1303669^1303671^1303674^
checking key 1303669
found ORDERS_05212a98-a578-45b1-ac7b-7491fc7a9e90.xml
return Array
checking key 1303671
found ORDERS_26afbc83-6d7a-45bf-8966-a3cd9228b055.xml
return Array
checking key 1303674
found ORDERS_7411e1c7-3c1e-4b9d-9f0f-7f79e2d03c7a.xml
return Array
received 1303865^1303867^1303868^1304023^1304024^1304027^
checking key 1303865
found ORDERS_097fdeb3-77ca-491d-9c01-ec245d88196b.xml
return Array
checking key 1303867
found ORDERS_41d4e4dc-d6cb-4dbf-9f95-f78627b695e4.xml
return Array
checking key 1303868
found ORDERS_59315f3c-92dc-4b07-a79d-0b0b462a88ad.xml
return Array
checking key 1304023
found ORDERS_16ba33c1-658f-471d-bc2f-4f7d666f0fa9.xml
return Array
checking key 1304024
found ORDERS_580d6fe9-6507-40a5-9681-2c8617955ef9.xml
return Array
checking key 1304027
found ORDERS_e0555ff4-7010-4789-a8ee-8c739bfdb4b9.xml
return Array
received 1303871^1303670^1303673^1303675^1303676^1303679^1304022^1304025^
checking key 1303871
found ORDERS_bc491357-70ed-4cb7-9e36-1a2e014817dd.xml
return Array
checking key 1303670
found ORDERS_18ad955a-f2a5-4241-86f7-b05621e1b489.xml
return Array
checking key 1303673
found ORDERS_5ccbe4c0-0b78-42f5-aa45-7aca883aa17a.xml
return Array
checking key 1303675
found ORDERS_827205d9-8642-4bdb-80fa-a3dc0023e3f2.xml
return Array
checking key 1303676
found ORDERS_8f3983e0-d82f-477d-a7dd-ac29310f05ba.xml
return Array
checking key 1303679
found ORDERS_d7301b61-9a77-4c92-8a8e-5a3a8ead7990.xml
return Array
checking key 1304022
found ORDERS_09d84fa2-bd3e-4590-9f62-abafb85fa6df.xml
return Array
checking key 1304025
found ORDERS_b41f2557-3fc9-4302-9067-64c6cd40a02f.xml
return Array
received 1303866^1303869^1303678^
checking key 1303866
found ORDERS_2dca1124-f352-492f-b02b-7edc9b8dd274.xml
return Array
checking key 1303869
found ORDERS_a36d905a-ee9a-49df-83b5-47b5d8e9615b.xml
return Array
checking key 1303678
found ORDERS_ab60def2-9627-4f9f-86b8-11966d693873.xml
return Array
received 1302147^1302156^
checking key 1302147
found ORDERS_93cb9fce-60ae-4cec-86d5-164aa33625fc.xml
return Array
checking key 1302156
found ORDERS_f9879133-d01c-44fb-895f-f549f7cba740.xml
return Array
